<?xml version="1.0" encoding="UTF-8"?>
<!-- Generated by org.testng.reporters.JUnitReportReporter -->
<testsuite hostname="DESKTOP-C6NM322" failures="0" tests="1" name="com.AppTest" time="0.009" errors="0" timestamp="2025-02-21T15:07:31 IST" skipped="0">
  <testcase classname="com.AppTest" name="testApp" time="0.009"/>
  <system-out/>
</testsuite> <!-- com.AppTest -->
